Ex1 (OOP) Simulator log: stage B2.json,  out_B2_Calls_a.csv
0.0,OOP_Ex1_Elevator_Simulator
0.0,Simulated Building, Building [-2,10]
0) ex1.Elevator_A, Elev_, id,1,  speed, 1.0, open: 2.0,  start: 3.0, close: 2.0,  stop: 3.0
1) ex1.Elevator_A, Elev_, id,2,  speed, 2.0, open: 2.0,  start: 3.0, close: 2.0,  stop: 3.0

0.0,Simulated Period starTime,0.0,  endTime,1104.1840186,  dt,1.0
0.0,Simulated  calls,Elevator log, size: 100
0.0,**** Simulation starts!! ****
5.0,Elevator call,4.37472729,0,-1,1,1, got allocated to elevator, 1
5.0,Elev,2,  arrived at src, 0, Elevator call,4.37472729,0,-1,2,1
5.0, elevID,2,  pos,0,  cmd, goto,-1
16.0,Elev,2,  arrived at dest, -1, this call is done!, Elevator call,4.37472729,0,-1,3,1, Done, dt, 11.62527271
17.0,Elevator call,16.95788289,-1,0,1,1, got allocated to elevator, 1
17.0,Elev,2,  arrived at src, -1, Elevator call,16.95788289,-1,0,2,1
17.0, elevID,2,  pos,-1,  cmd, goto,0
23.0,Elevator call,22.0940563,0,-1,1,1, got allocated to elevator, 1
28.0,Elev,2,  arrived at dest, 0, this call is done!, Elevator call,16.95788289,-1,0,3,1, Done, dt, 11.04211711
28.0,Elev,2,  arrived at src, 0, Elevator call,22.0940563,0,-1,2,1
28.0, elevID,2,  pos,0,  cmd, goto,-1
39.0,Elev,2,  arrived at dest, -1, this call is done!, Elevator call,22.0940563,0,-1,3,1, Done, dt, 16.9059437
86.0,Elevator call,85.52096662,3,2,1,1, got allocated to elevator, 1
86.0, elevID,2,  pos,-1,  cmd, goto,3
92.0,Elevator call,91.21019413,-1,-2,1,0, got allocated to elevator, 0
92.0, elevID,1,  pos,0,  cmd, goto,-1
98.0,Elev,2,  arrived at src, 3, Elevator call,85.52096662,3,2,2,1
98.0, elevID,2,  pos,3,  cmd, goto,2
103.0,Elev,1,  arrived at src, -1, Elevator call,91.21019413,-1,-2,2,0
103.0, elevID,1,  pos,-1,  cmd, goto,-2
105.0,Elevator call,104.1370124,0,4,1,1, got allocated to elevator, 1
109.0,Elev,2,  arrived at dest, 2, this call is done!, Elevator call,85.52096662,3,2,3,1, Done, dt, 23.479033380000004
109.0, elevID,2,  pos,2,  cmd, goto,0
110.0,Elevator call,109.2135291,-1,0,1,0, got allocated to elevator, 0
114.0,Elev,1,  arrived at dest, -2, this call is done!, Elevator call,91.21019413,-1,-2,3,0, Done, dt, 22.789805869999995
114.0, elevID,1,  pos,-2,  cmd, goto,-1
115.0,Elevator call,114.392351,3,0,1,1, got allocated to elevator, 1
120.0,Elev,2,  arrived at src, 0, Elevator call,104.1370124,0,4,2,1
120.0, elevID,2,  pos,0,  cmd, goto,3
125.0,Elevator call,124.425571,0,9,1,0, got allocated to elevator, 0
125.0,Elev,1,  arrived at src, -1, Elevator call,109.2135291,-1,0,2,0
125.0, elevID,1,  pos,-1,  cmd, goto,0
131.0,Elevator call,130.0249568,8,10,1,1, got allocated to elevator, 1
131.0,Elevator call,130.2249113,-1,1,1,0, got allocated to elevator, 0
132.0,Elev,2,  arrived at src, 3, Elevator call,114.392351,3,0,2,1
132.0, elevID,2,  pos,3,  cmd, goto,4
136.0,Elev,1,  arrived at dest, 0, this call is done!, Elevator call,109.2135291,-1,0,3,0, Done, dt, 26.786470899999998
136.0,Elev,1,  arrived at src, 0, Elevator call,124.425571,0,9,2,0
136.0, elevID,1,  pos,0,  cmd, goto,9
138.0,Elevator call,137.9515274,0,4,1,0, got allocated to elevator, 0
138.0, elevID,1,  pos,0,  cmd, stop,0
143.0,Elev,2,  arrived at dest, 4, this call is done!, Elevator call,104.1370124,0,4,3,1, Done, dt, 38.8629876
143.0, elevID,2,  pos,4,  cmd, goto,8
144.0,Elevator call,143.9133584,0,6,1,1, got allocated to elevator, 1
146.0,Elev,1,  arrived at src, 0, Elevator call,137.9515274,0,4,2,0
146.0, elevID,1,  pos,0,  cmd, goto,4
155.0,Elev,2,  arrived at src, 8, Elevator call,130.0249568,8,10,2,1
155.0, elevID,2,  pos,8,  cmd, goto,10
160.0,Elev,1,  arrived at dest, 4, this call is done!, Elevator call,137.9515274,0,4,3,0, Done, dt, 22.048472599999997
160.0, elevID,1,  pos,4,  cmd, goto,9
166.0,Elev,2,  arrived at dest, 10, this call is done!, Elevator call,130.0249568,8,10,3,1, Done, dt, 35.97504319999999
166.0, elevID,2,  pos,10,  cmd, goto,0
170.0,Elevator call,169.7845834,-1,0,1,1, got allocated to elevator, 1
171.0,Elevator call,170.0099621,0,6,1,1, got allocated to elevator, 1
172.0,Elevator call,171.2117332,-1,8,1,0, got allocated to elevator, 0
175.0,Elevator call,174.8438515,0,-1,1,1, got allocated to elevator, 1
175.0,Elev,1,  arrived at dest, 9, this call is done!, Elevator call,124.425571,0,9,3,0, Done, dt, 50.574428999999995
175.0, elevID,1,  pos,9,  cmd, goto,-1
181.0,Elev,2,  arrived at dest, 0, this call is done!, Elevator call,114.392351,3,0,3,1, Done, dt, 66.607649
181.0,Elev,2,  arrived at src, 0, Elevator call,143.9133584,0,6,2,1
181.0,Elev,2,  arrived at src, 0, Elevator call,170.0099621,0,6,2,1
181.0,Elev,2,  arrived at src, 0, Elevator call,174.8438515,0,-1,2,1
181.0, elevID,2,  pos,0,  cmd, goto,-1
188.0,Elevator call,187.1167862,-1,-2,1,1, got allocated to elevator, 1
188.0,Elevator call,187.7299318,-1,-2,1,1, got allocated to elevator, 1
192.0,Elev,2,  arrived at src, -1, Elevator call,169.7845834,-1,0,2,1
192.0,Elev,2,  arrived at dest, -1, this call is done!, Elevator call,174.8438515,0,-1,3,1, Done, dt, 17.1561485
192.0,Elev,2,  arrived at src, -1, Elevator call,187.1167862,-1,-2,2,1
192.0,Elev,2,  arrived at src, -1, Elevator call,187.7299318,-1,-2,2,1
192.0, elevID,2,  pos,-1,  cmd, goto,-2
195.0,Elev,1,  arrived at src, -1, Elevator call,130.2249113,-1,1,2,0
195.0,Elev,1,  arrived at src, -1, Elevator call,171.2117332,-1,8,2,0
195.0, elevID,1,  pos,-1,  cmd, goto,1
196.0,Elevator call,195.9086965,0,7,1,0, got allocated to elevator, 0
196.0, elevID,1,  pos,-1,  cmd, stop,0
198.0,Elevator call,197.5359191,-1,1,1,0, got allocated to elevator, 0
198.0, elevID,1,  pos,-1,  cmd, stop,-1
203.0,Elev,2,  arrived at dest, -2, this call is done!, Elevator call,187.1167862,-1,-2,3,1, Done, dt, 15.883213799999993
203.0,Elev,2,  arrived at dest, -2, this call is done!, Elevator call,187.7299318,-1,-2,3,1, Done, dt, 15.270068199999997
203.0, elevID,2,  pos,-2,  cmd, goto,0
205.0,Elev,1,  arrived at src, -1, Elevator call,197.5359191,-1,1,2,0
205.0, elevID,1,  pos,-1,  cmd, goto,0
206.0,Elevator call,205.9895199,-1,0,1,1, got allocated to elevator, 1
206.0, elevID,2,  pos,-2,  cmd, stop,-1
214.0,Elev,2,  arrived at src, -1, Elevator call,205.9895199,-1,0,2,1
214.0, elevID,2,  pos,-1,  cmd, goto,0
216.0,Elev,1,  arrived at src, 0, Elevator call,195.9086965,0,7,2,0
216.0, elevID,1,  pos,0,  cmd, goto,1
225.0,Elev,2,  arrived at dest, 0, this call is done!, Elevator call,169.7845834,-1,0,3,1, Done, dt, 55.2154166
225.0,Elev,2,  arrived at dest, 0, this call is done!, Elevator call,205.9895199,-1,0,3,1, Done, dt, 19.010480099999995
225.0, elevID,2,  pos,0,  cmd, goto,6
227.0,Elev,1,  arrived at dest, 1, this call is done!, Elevator call,130.2249113,-1,1,3,0, Done, dt, 96.7750887
227.0,Elev,1,  arrived at dest, 1, this call is done!, Elevator call,197.5359191,-1,1,3,0, Done, dt, 29.4640809
227.0, elevID,1,  pos,1,  cmd, goto,7
228.0,Elevator call,227.0798305,-1,5,1,0, got allocated to elevator, 0
232.0,Elevator call,231.5157882,-1,0,1,1, got allocated to elevator, 1
233.0,Elevator call,232.9504362,0,-1,1,1, got allocated to elevator, 1
238.0,Elev,2,  arrived at dest, 6, this call is done!, Elevator call,143.9133584,0,6,3,1, Done, dt, 94.08664160000001
238.0,Elev,2,  arrived at dest, 6, this call is done!, Elevator call,170.0099621,0,6,3,1, Done, dt, 67.9900379
238.0, elevID,2,  pos,6,  cmd, goto,0
243.0,Elev,1,  arrived at dest, 7, this call is done!, Elevator call,195.9086965,0,7,3,0, Done, dt, 47.09130350000001
243.0, elevID,1,  pos,7,  cmd, goto,8
251.0,Elev,2,  arrived at src, 0, Elevator call,232.9504362,0,-1,2,1
251.0, elevID,2,  pos,0,  cmd, goto,-1
252.0,Elevator call,251.1044469,-1,-2,1,1, got allocated to elevator, 1
252.0,Elevator call,251.2359335,0,9,1,0, got allocated to elevator, 0
254.0,Elev,1,  arrived at dest, 8, this call is done!, Elevator call,171.2117332,-1,8,3,0, Done, dt, 82.7882668
254.0, elevID,1,  pos,8,  cmd, goto,0
255.0,Elevator call,254.6977153,3,4,1,0, got allocated to elevator, 0
, elevID,1,  pos,8,  cmd, stop,3
258.0,Elevator call,257.7974435,-1,0,1,1, got allocated to elevator, 1
262.0,Elev,2,  arrived at src, -1, Elevator call,231.5157882,-1,0,2,1
262.0,Elev,2,  arrived at dest, -1, this call is done!, Elevator call,232.9504362,0,-1,3,1, Done, dt, 29.049563799999987
262.0,Elev,2,  arrived at src, -1, Elevator call,251.1044469,-1,-2,2,1
262.0,Elev,2,  arrived at src, -1, Elevator call,257.7974435,-1,0,2,1
262.0, elevID,2,  pos,-1,  cmd, goto,-2
269.0,Elev,1,  arrived at src, 3, Elevator call,254.6977153,3,4,2,0
269.0, elevID,1,  pos,3,  cmd, goto,0
273.0,Elev,2,  arrived at dest, -2, this call is done!, Elevator call,251.1044469,-1,-2,3,1, Done, dt, 21.8955531
273.0, elevID,2,  pos,-2,  cmd, goto,0
282.0,Elev,1,  arrived at src, 0, Elevator call,251.2359335,0,9,2,0
282.0, elevID,1,  pos,0,  cmd, goto,-1
284.0,Elev,2,  arrived at dest, 0, this call is done!, Elevator call,231.5157882,-1,0,3,1, Done, dt, 52.4842118
284.0,Elev,2,  arrived at dest, 0, this call is done!, Elevator call,257.7974435,-1,0,3,1, Done, dt, 26.202556500000014
293.0,Elev,1,  arrived at src, -1, Elevator call,227.0798305,-1,5,2,0
293.0, elevID,1,  pos,-1,  cmd, goto,4
296.0,Elevator call,295.7943357,0,1,1,1, got allocated to elevator, 1
296.0,Elev,2,  arrived at src, 0, Elevator call,295.7943357,0,1,2,1
296.0, elevID,2,  pos,0,  cmd, goto,1
305.0,Elevator call,304.9984388,6,0,1,1, got allocated to elevator, 1
307.0,Elev,2,  arrived at dest, 1, this call is done!, Elevator call,295.7943357,0,1,3,1, Done, dt, 11.205664300000024
307.0, elevID,2,  pos,1,  cmd, goto,6
308.0,Elev,1,  arrived at dest, 4, this call is done!, Elevator call,254.6977153,3,4,3,0, Done, dt, 53.3022847
308.0, elevID,1,  pos,4,  cmd, goto,5
310.0,Elevator call,309.3005383,0,-1,1,1, got allocated to elevator, 1
313.0,Elevator call,312.3018556,0,-1,1,1, got allocated to elevator, 1
317.0,Elevator call,316.0323783,0,-1,1,1, got allocated to elevator, 1
319.0,Elev,1,  arrived at dest, 5, this call is done!, Elevator call,227.0798305,-1,5,3,0, Done, dt, 91.92016949999999
319.0, elevID,1,  pos,5,  cmd, goto,9
320.0,Elevator call,319.905202,6,5,1,0, got allocated to elevator, 0
320.0, elevID,1,  pos,5,  cmd, stop,6
320.0,Elev,2,  arrived at src, 6, Elevator call,304.9984388,6,0,2,1
320.0, elevID,2,  pos,6,  cmd, goto,0
321.0,Elevator call,320.9760749,-1,0,1,1, got allocated to elevator, 1
322.0,Elevator call,321.370409,7,-1,1,0, got allocated to elevator, 0
330.0,Elev,1,  arrived at src, 6, Elevator call,319.905202,6,5,2,0
330.0, elevID,1,  pos,6,  cmd, goto,7
333.0,Elevator call,332.4267319,0,10,1,1, got allocated to elevator, 1
333.0,Elev,2,  arrived at dest, 0, this call is done!, Elevator call,304.9984388,6,0,3,1, Done, dt, 28.001561200000026
333.0,Elev,2,  arrived at src, 0, Elevator call,309.3005383,0,-1,2,1
333.0,Elev,2,  arrived at src, 0, Elevator call,312.3018556,0,-1,2,1
333.0,Elev,2,  arrived at src, 0, Elevator call,316.0323783,0,-1,2,1
333.0,Elev,2,  arrived at src, 0, Elevator call,332.4267319,0,10,2,1
333.0, elevID,2,  pos,0,  cmd, goto,-1
337.0,Elevator call,336.9304305,-1,0,1,1, got allocated to elevator, 1
341.0,Elev,1,  arrived at src, 7, Elevator call,321.370409,7,-1,2,0
341.0, elevID,1,  pos,7,  cmd, goto,9
344.0,Elev,2,  arrived at dest, -1, this call is done!, Elevator call,309.3005383,0,-1,3,1, Done, dt, 34.69946169999997
344.0,Elev,2,  arrived at dest, -1, this call is done!, Elevator call,312.3018556,0,-1,3,1, Done, dt, 31.69814439999999
344.0,Elev,2,  arrived at dest, -1, this call is done!, Elevator call,316.0323783,0,-1,3,1, Done, dt, 27.967621699999995
344.0,Elev,2,  arrived at src, -1, Elevator call,320.9760749,-1,0,2,1
344.0,Elev,2,  arrived at src, -1, Elevator call,336.9304305,-1,0,2,1
344.0, elevID,2,  pos,-1,  cmd, goto,0
353.0,Elev,1,  arrived at dest, 9, this call is done!, Elevator call,251.2359335,0,9,3,0, Done, dt, 101.76406650000001
353.0, elevID,1,  pos,9,  cmd, goto,5
355.0,Elev,2,  arrived at dest, 0, this call is done!, Elevator call,320.9760749,-1,0,3,1, Done, dt, 34.023925099999985
355.0,Elev,2,  arrived at dest, 0, this call is done!, Elevator call,336.9304305,-1,0,3,1, Done, dt, 18.0695695
355.0, elevID,2,  pos,0,  cmd, goto,10
367.0,Elev,1,  arrived at dest, 5, this call is done!, Elevator call,319.905202,6,5,3,0, Done, dt, 47.094798000000026
367.0, elevID,1,  pos,5,  cmd, goto,-1
370.0,Elev,2,  arrived at dest, 10, this call is done!, Elevator call,332.4267319,0,10,3,1, Done, dt, 37.57326810000001
376.0,Elevator call,375.490481,1,0,1,0, got allocated to elevator, 0
, elevID,1,  pos,1,  cmd, stop,1
381.0,Elev,1,  arrived at src, 1, Elevator call,375.490481,1,0,2,0
381.0, elevID,1,  pos,1,  cmd, goto,0
392.0,Elev,1,  arrived at dest, 0, this call is done!, Elevator call,375.490481,1,0,3,0, Done, dt, 16.50951900000001
392.0, elevID,1,  pos,0,  cmd, goto,-1
393.0,Elevator call,392.5160765,0,5,1,1, got allocated to elevator, 1
393.0, elevID,2,  pos,10,  cmd, goto,0
403.0,Elev,1,  arrived at dest, -1, this call is done!, Elevator call,321.370409,7,-1,3,0, Done, dt, 81.629591
406.0,Elevator call,405.1821141,-1,10,1,0, got allocated to elevator, 0
406.0,Elev,1,  arrived at src, -1, Elevator call,405.1821141,-1,10,2,0
406.0, elevID,1,  pos,-1,  cmd, goto,10
408.0,Elev,2,  arrived at src, 0, Elevator call,392.5160765,0,5,2,1
408.0, elevID,2,  pos,0,  cmd, goto,5
421.0,Elev,2,  arrived at dest, 5, this call is done!, Elevator call,392.5160765,0,5,3,1, Done, dt, 28.483923500000003
427.0,Elevator call,426.8615805,2,0,1,1, got allocated to elevator, 1
427.0,Elev,1,  arrived at dest, 10, this call is done!, Elevator call,405.1821141,-1,10,3,0, Done, dt, 21.81788590000002
427.0, elevID,2,  pos,5,  cmd, goto,2
438.0,Elevator call,437.1711158,1,0,1,1, got allocated to elevator, 1
439.0,Elev,2,  arrived at src, 2, Elevator call,426.8615805,2,0,2,1
439.0, elevID,2,  pos,2,  cmd, goto,1
450.0,Elev,2,  arrived at src, 1, Elevator call,437.1711158,1,0,2,1
450.0, elevID,2,  pos,1,  cmd, goto,0
461.0,Elev,2,  arrived at dest, 0, this call is done!, Elevator call,426.8615805,2,0,3,1, Done, dt, 34.1384195
461.0,Elev,2,  arrived at dest, 0, this call is done!, Elevator call,437.1711158,1,0,3,1, Done, dt, 23.828884200000005
473.0,Elevator call,472.7445474,10,-1,1,0, got allocated to elevator, 0
473.0,Elev,1,  arrived at src, 10, Elevator call,472.7445474,10,-1,2,0
473.0, elevID,1,  pos,10,  cmd, goto,-1
494.0,Elev,1,  arrived at dest, -1, this call is done!, Elevator call,472.7445474,10,-1,3,0, Done, dt, 21.255452600000012
501.0,Elevator call,500.3712045,8,-1,1,1, got allocated to elevator, 1
501.0, elevID,2,  pos,0,  cmd, goto,8
504.0,Elevator call,503.1384784,1,-1,1,0, got allocated to elevator, 0
504.0, elevID,1,  pos,-1,  cmd, goto,1
505.0,Elevator call,504.4317942,0,-1,1,0, got allocated to elevator, 0
505.0, elevID,1,  pos,-1,  cmd, stop,0
515.0,Elev,1,  arrived at src, 0, Elevator call,504.4317942,0,-1,2,0
515.0, elevID,1,  pos,0,  cmd, goto,1
515.0,Elev,2,  arrived at src, 8, Elevator call,500.3712045,8,-1,2,1
515.0, elevID,2,  pos,8,  cmd, goto,-1
526.0,Elev,1,  arrived at src, 1, Elevator call,503.1384784,1,-1,2,0
526.0, elevID,1,  pos,1,  cmd, goto,-1
530.0,Elevator call,529.6277472,3,-1,1,1, got allocated to elevator, 1
530.0,Elev,2,  arrived at dest, -1, this call is done!, Elevator call,500.3712045,8,-1,3,1, Done, dt, 29.628795500000024
530.0, elevID,2,  pos,-1,  cmd, goto,3
538.0,Elevator call,537.7866884,-1,6,1,0, got allocated to elevator, 0
538.0,Elev,1,  arrived at dest, -1, this call is done!, Elevator call,503.1384784,1,-1,3,0, Done, dt, 34.8615216
538.0,Elev,1,  arrived at dest, -1, this call is done!, Elevator call,504.4317942,0,-1,3,0, Done, dt, 33.56820579999999
538.0,Elev,1,  arrived at src, -1, Elevator call,537.7866884,-1,6,2,0
538.0, elevID,1,  pos,-1,  cmd, goto,6
542.0,Elev,2,  arrived at src, 3, Elevator call,529.6277472,3,-1,2,1
542.0, elevID,2,  pos,3,  cmd, goto,-1
545.0,Elevator call,544.7880392,6,-1,1,0, got allocated to elevator, 0
554.0,Elev,2,  arrived at dest, -1, this call is done!, Elevator call,529.6277472,3,-1,3,1, Done, dt, 24.372252799999956
555.0,Elevator call,554.0892923,4,0,1,1, got allocated to elevator, 1
555.0,Elev,1,  arrived at dest, 6, this call is done!, Elevator call,537.7866884,-1,6,3,0, Done, dt, 17.213311599999997
555.0,Elev,1,  arrived at src, 6, Elevator call,544.7880392,6,-1,2,0
555.0, elevID,1,  pos,6,  cmd, goto,-1
555.0, elevID,2,  pos,-1,  cmd, goto,4
558.0,Elevator call,557.244139,10,0,1,1, got allocated to elevator, 1
566.0,Elevator call,565.0195522,0,-1,1,0, got allocated to elevator, 0
, elevID,1,  pos,0,  cmd, stop,0
568.0,Elev,2,  arrived at src, 4, Elevator call,554.0892923,4,0,2,1
568.0, elevID,2,  pos,4,  cmd, goto,10
571.0,Elev,1,  arrived at src, 0, Elevator call,565.0195522,0,-1,2,0
571.0, elevID,1,  pos,0,  cmd, goto,-1
581.0,Elev,2,  arrived at src, 10, Elevator call,557.244139,10,0,2,1
581.0, elevID,2,  pos,10,  cmd, goto,0
582.0,Elevator call,581.870309,0,3,1,0, got allocated to elevator, 0
582.0,Elev,1,  arrived at dest, -1, this call is done!, Elevator call,544.7880392,6,-1,3,0, Done, dt, 37.21196080000004
582.0,Elev,1,  arrived at dest, -1, this call is done!, Elevator call,565.0195522,0,-1,3,0, Done, dt, 16.98044779999998
582.0, elevID,1,  pos,-1,  cmd, goto,0
593.0,Elev,1,  arrived at src, 0, Elevator call,581.870309,0,3,2,0
593.0, elevID,1,  pos,0,  cmd, goto,3
596.0,Elev,2,  arrived at dest, 0, this call is done!, Elevator call,554.0892923,4,0,3,1, Done, dt, 41.91070769999999
596.0,Elev,2,  arrived at dest, 0, this call is done!, Elevator call,557.244139,10,0,3,1, Done, dt, 38.75586099999998
597.0,Elevator call,596.1232023,8,0,1,1, got allocated to elevator, 1
597.0, elevID,2,  pos,0,  cmd, goto,8
601.0,Elevator call,600.931288,1,0,1,1, got allocated to elevator, 1
601.0, elevID,2,  pos,0,  cmd, stop,1
604.0,Elevator call,603.9342327,7,0,1,1, got allocated to elevator, 1
606.0,Elev,1,  arrived at dest, 3, this call is done!, Elevator call,581.870309,0,3,3,0, Done, dt, 24.12969099999998
608.0,Elev,2,  arrived at src, 1, Elevator call,600.931288,1,0,2,1
608.0, elevID,2,  pos,1,  cmd, goto,7
618.0,Elevator call,617.9628339,0,3,1,0, got allocated to elevator, 0
618.0, elevID,1,  pos,3,  cmd, goto,0
620.0,Elevator call,619.6454197,9,0,1,1, got allocated to elevator, 1
621.0,Elev,2,  arrived at src, 7, Elevator call,603.9342327,7,0,2,1
621.0, elevID,2,  pos,7,  cmd, goto,8
627.0,Elevator call,626.2116172,0,1,1,0, got allocated to elevator, 0
631.0,Elev,1,  arrived at src, 0, Elevator call,617.9628339,0,3,2,0
631.0,Elev,1,  arrived at src, 0, Elevator call,626.2116172,0,1,2,0
631.0, elevID,1,  pos,0,  cmd, goto,1
632.0,Elev,2,  arrived at src, 8, Elevator call,596.1232023,8,0,2,1
632.0, elevID,2,  pos,8,  cmd, goto,9
642.0,Elev,1,  arrived at dest, 1, this call is done!, Elevator call,626.2116172,0,1,3,0, Done, dt, 15.788382800000022
642.0, elevID,1,  pos,1,  cmd, goto,3
643.0,Elev,2,  arrived at src, 9, Elevator call,619.6454197,9,0,2,1
643.0, elevID,2,  pos,9,  cmd, goto,0
644.0,Elevator call,643.8547515,-1,2,1,0, got allocated to elevator, 0
654.0,Elev,1,  arrived at dest, 3, this call is done!, Elevator call,617.9628339,0,3,3,0, Done, dt, 36.037166100000036
654.0, elevID,1,  pos,3,  cmd, goto,-1
658.0,Elev,2,  arrived at dest, 0, this call is done!, Elevator call,596.1232023,8,0,3,1, Done, dt, 61.8767977
658.0,Elev,2,  arrived at dest, 0, this call is done!, Elevator call,600.931288,1,0,3,1, Done, dt, 57.068712000000005
658.0,Elev,2,  arrived at dest, 0, this call is done!, Elevator call,603.9342327,7,0,3,1, Done, dt, 54.06576729999995
658.0,Elev,2,  arrived at dest, 0, this call is done!, Elevator call,619.6454197,9,0,3,1, Done, dt, 38.35458029999995
661.0,Elevator call,660.0732908,6,10,1,1, got allocated to elevator, 1
661.0, elevID,2,  pos,0,  cmd, goto,6
662.0,Elevator call,661.042082,-1,3,1,0, got allocated to elevator, 0
663.0,Elevator call,662.1730528,-1,5,1,0, got allocated to elevator, 0
666.0,Elevator call,665.1155549,-1,8,1,0, got allocated to elevator, 0
667.0,Elevator call,666.0340295,4,0,1,1, got allocated to elevator, 1
667.0,Elevator call,666.2411587,5,-1,1,1, got allocated to elevator, 1
667.0, elevID,2,  pos,2,  cmd, stop,4
668.0,Elev,1,  arrived at src, -1, Elevator call,643.8547515,-1,2,2,0
668.0,Elev,1,  arrived at src, -1, Elevator call,661.042082,-1,3,2,0
668.0,Elev,1,  arrived at src, -1, Elevator call,662.1730528,-1,5,2,0
668.0,Elev,1,  arrived at src, -1, Elevator call,665.1155549,-1,8,2,0
668.0, elevID,1,  pos,-1,  cmd, goto,2
673.0,Elevator call,672.6773142,0,-1,1,1, got allocated to elevator, 1
673.0,Elev,2,  arrived at src, 4, Elevator call,666.0340295,4,0,2,1
673.0, elevID,2,  pos,4,  cmd, goto,5
678.0,Elevator call,677.7341948,0,-1,1,1, got allocated to elevator, 1
679.0,Elevator call,678.9953585,-1,-2,1,1, got allocated to elevator, 1
681.0,Elev,1,  arrived at dest, 2, this call is done!, Elevator call,643.8547515,-1,2,3,0, Done, dt, 37.14524849999998
681.0, elevID,1,  pos,2,  cmd, goto,3
684.0,Elev,2,  arrived at src, 5, Elevator call,666.2411587,5,-1,2,1
684.0, elevID,2,  pos,5,  cmd, goto,6
692.0,Elev,1,  arrived at dest, 3, this call is done!, Elevator call,661.042082,-1,3,3,0, Done, dt, 30.95791799999995
692.0, elevID,1,  pos,3,  cmd, goto,5
695.0,Elev,2,  arrived at src, 6, Elevator call,660.0732908,6,10,2,1
695.0, elevID,2,  pos,6,  cmd, goto,10
696.0,Elevator call,695.2239882,0,10,1,1, got allocated to elevator, 1
704.0,Elev,1,  arrived at dest, 5, this call is done!, Elevator call,662.1730528,-1,5,3,0, Done, dt, 41.82694719999995
704.0, elevID,1,  pos,5,  cmd, goto,8
707.0,Elevator call,706.1583475,-1,-2,1,0, got allocated to elevator, 0
707.0,Elev,2,  arrived at dest, 10, this call is done!, Elevator call,660.0732908,6,10,3,1, Done, dt, 46.926709200000005
707.0, elevID,2,  pos,10,  cmd, goto,0
711.0,Elevator call,710.324977,0,1,1,0, got allocated to elevator, 0
714.0,Elevator call,713.0191971,1,0,1,1, got allocated to elevator, 1
714.0,Elevator call,713.2499766,10,-1,1,1, got allocated to elevator, 1
, elevID,2,  pos,6,  cmd, stop,1
717.0,Elev,1,  arrived at dest, 8, this call is done!, Elevator call,665.1155549,-1,8,3,0, Done, dt, 51.88444509999999
717.0, elevID,1,  pos,8,  cmd, goto,0
722.0,Elev,2,  arrived at src, 1, Elevator call,713.0191971,1,0,2,1
722.0, elevID,2,  pos,1,  cmd, goto,0
723.0,Elevator call,722.6161213,10,0,1,1, got allocated to elevator, 1
728.0,Elevator call,727.5146029,-1,0,1,0, got allocated to elevator, 0
733.0,Elevator call,732.9746341,6,-1,1,1, got allocated to elevator, 1
733.0,Elev,2,  arrived at dest, 0, this call is done!, Elevator call,666.0340295,4,0,3,1, Done, dt, 66.96597050000003
733.0,Elev,2,  arrived at src, 0, Elevator call,672.6773142,0,-1,2,1
733.0,Elev,2,  arrived at src, 0, Elevator call,677.7341948,0,-1,2,1
733.0,Elev,2,  arrived at src, 0, Elevator call,695.2239882,0,10,2,1
733.0,Elev,2,  arrived at dest, 0, this call is done!, Elevator call,713.0191971,1,0,3,1, Done, dt, 19.980802899999958
733.0, elevID,2,  pos,0,  cmd, goto,-1
735.0,Elev,1,  arrived at src, 0, Elevator call,710.324977,0,1,2,0
735.0, elevID,1,  pos,0,  cmd, goto,-1
738.0,Elevator call,737.3147202,1,0,1,0, got allocated to elevator, 0
744.0,Elev,2,  arrived at dest, -1, this call is done!, Elevator call,666.2411587,5,-1,3,1, Done, dt, 77.75884129999997
744.0,Elev,2,  arrived at dest, -1, this call is done!, Elevator call,672.6773142,0,-1,3,1, Done, dt, 71.32268580000004
744.0,Elev,2,  arrived at dest, -1, this call is done!, Elevator call,677.7341948,0,-1,3,1, Done, dt, 66.26580520000005
744.0,Elev,2,  arrived at src, -1, Elevator call,678.9953585,-1,-2,2,1
744.0, elevID,2,  pos,-1,  cmd, goto,-2
746.0,Elev,1,  arrived at src, -1, Elevator call,706.1583475,-1,-2,2,0
746.0,Elev,1,  arrived at src, -1, Elevator call,727.5146029,-1,0,2,0
746.0, elevID,1,  pos,-1,  cmd, goto,-2
755.0,Elev,2,  arrived at dest, -2, this call is done!, Elevator call,678.9953585,-1,-2,3,1, Done, dt, 76.00464150000005
755.0, elevID,2,  pos,-2,  cmd, goto,6
757.0,Elev,1,  arrived at dest, -2, this call is done!, Elevator call,706.1583475,-1,-2,3,0, Done, dt, 50.84165250000001
757.0, elevID,1,  pos,-2,  cmd, goto,0
769.0,Elev,1,  arrived at dest, 0, this call is done!, Elevator call,727.5146029,-1,0,3,0, Done, dt, 41.4853971
769.0, elevID,1,  pos,0,  cmd, goto,1
769.0,Elev,2,  arrived at src, 6, Elevator call,732.9746341,6,-1,2,1
769.0, elevID,2,  pos,6,  cmd, goto,10
780.0,Elevator call,779.3996914,-1,5,1,1, got allocated to elevator, 1
780.0,Elev,1,  arrived at dest, 1, this call is done!, Elevator call,710.324977,0,1,3,0, Done, dt, 69.67502300000001
780.0,Elev,1,  arrived at src, 1, Elevator call,737.3147202,1,0,2,0
780.0, elevID,1,  pos,1,  cmd, goto,0
781.0,Elev,2,  arrived at dest, 10, this call is done!, Elevator call,695.2239882,0,10,3,1, Done, dt, 85.77601179999999
781.0,Elev,2,  arrived at src, 10, Elevator call,713.2499766,10,-1,2,1
781.0,Elev,2,  arrived at src, 10, Elevator call,722.6161213,10,0,2,1
781.0, elevID,2,  pos,10,  cmd, goto,0
791.0,Elev,1,  arrived at dest, 0, this call is done!, Elevator call,737.3147202,1,0,3,0, Done, dt, 53.68527979999999
796.0,Elev,2,  arrived at dest, 0, this call is done!, Elevator call,722.6161213,10,0,3,1, Done, dt, 73.38387869999997
796.0, elevID,2,  pos,0,  cmd, goto,-1
806.0,Elevator call,805.6754743,-1,-2,1,0, got allocated to elevator, 0
806.0, elevID,1,  pos,0,  cmd, goto,-1
807.0,Elev,2,  arrived at dest, -1, this call is done!, Elevator call,713.2499766,10,-1,3,1, Done, dt, 93.75002340000003
807.0,Elev,2,  arrived at dest, -1, this call is done!, Elevator call,732.9746341,6,-1,3,1, Done, dt, 74.0253659
807.0,Elev,2,  arrived at src, -1, Elevator call,779.3996914,-1,5,2,1
807.0, elevID,2,  pos,-1,  cmd, goto,5
811.0,Elevator call,810.4469089,2,0,1,1, got allocated to elevator, 1
811.0, elevID,2,  pos,-1,  cmd, stop,2
817.0,Elevator call,816.1516998,7,-1,1,0, got allocated to elevator, 0
817.0,Elev,1,  arrived at src, -1, Elevator call,805.6754743,-1,-2,2,0
817.0, elevID,1,  pos,-1,  cmd, goto,-2
819.0,Elev,2,  arrived at src, 2, Elevator call,810.4469089,2,0,2,1
819.0, elevID,2,  pos,2,  cmd, goto,5
826.0,Elevator call,825.4575185,7,0,1,1, got allocated to elevator, 1
828.0,Elev,1,  arrived at dest, -2, this call is done!, Elevator call,805.6754743,-1,-2,3,0, Done, dt, 22.32452569999998
828.0, elevID,1,  pos,-2,  cmd, goto,7
831.0,Elev,2,  arrived at dest, 5, this call is done!, Elevator call,779.3996914,-1,5,3,1, Done, dt, 51.60030859999995
831.0, elevID,2,  pos,5,  cmd, goto,7
840.0,Elevator call,839.8525653,0,1,1,1, got allocated to elevator, 1
842.0,Elev,2,  arrived at src, 7, Elevator call,825.4575185,7,0,2,1
842.0, elevID,2,  pos,7,  cmd, goto,0
847.0,Elev,1,  arrived at src, 7, Elevator call,816.1516998,7,-1,2,0
847.0, elevID,1,  pos,7,  cmd, goto,-1
855.0,Elevator call,854.2002278,6,-1,1,0, got allocated to elevator, 0
856.0,Elev,2,  arrived at dest, 0, this call is done!, Elevator call,810.4469089,2,0,3,1, Done, dt, 45.55309109999996
856.0,Elev,2,  arrived at dest, 0, this call is done!, Elevator call,825.4575185,7,0,3,1, Done, dt, 30.542481500000008
856.0,Elev,2,  arrived at src, 0, Elevator call,839.8525653,0,1,2,1
856.0, elevID,2,  pos,0,  cmd, goto,1
864.0,Elevator call,863.8932913,0,-1,1,0, got allocated to elevator, 0
865.0,Elev,1,  arrived at dest, -1, this call is done!, Elevator call,816.1516998,7,-1,3,0, Done, dt, 48.84830020000004
865.0, elevID,1,  pos,-1,  cmd, goto,0
867.0,Elev,2,  arrived at dest, 1, this call is done!, Elevator call,839.8525653,0,1,3,1, Done, dt, 27.147434699999963
871.0,Elevator call,870.5053024,0,7,1,1, got allocated to elevator, 1
871.0, elevID,2,  pos,1,  cmd, goto,0
876.0,Elev,1,  arrived at src, 0, Elevator call,863.8932913,0,-1,2,0
876.0, elevID,1,  pos,0,  cmd, goto,6
882.0,Elev,2,  arrived at src, 0, Elevator call,870.5053024,0,7,2,1
882.0, elevID,2,  pos,0,  cmd, goto,7
887.0,Elevator call,886.5649993,-1,-2,1,0, got allocated to elevator, 0
892.0,Elev,1,  arrived at src, 6, Elevator call,854.2002278,6,-1,2,0
892.0, elevID,1,  pos,6,  cmd, goto,-1
893.0,Elevator call,892.5212151,9,-1,1,1, got allocated to elevator, 1
896.0,Elev,2,  arrived at dest, 7, this call is done!, Elevator call,870.5053024,0,7,3,1, Done, dt, 25.494697599999995
896.0, elevID,2,  pos,7,  cmd, goto,9
907.0,Elev,2,  arrived at src, 9, Elevator call,892.5212151,9,-1,2,1
907.0, elevID,2,  pos,9,  cmd, goto,-1
909.0,Elev,1,  arrived at dest, -1, this call is done!, Elevator call,854.2002278,6,-1,3,0, Done, dt, 54.79977220000001
909.0,Elev,1,  arrived at dest, -1, this call is done!, Elevator call,863.8932913,0,-1,3,0, Done, dt, 45.10670870000001
909.0,Elev,1,  arrived at src, -1, Elevator call,886.5649993,-1,-2,2,0
909.0, elevID,1,  pos,-1,  cmd, goto,-2
911.0,Elevator call,910.5388559,6,5,1,0, got allocated to elevator, 0
916.0,Elevator call,915.9490575,4,-1,1,1, got allocated to elevator, 1
920.0,Elev,1,  arrived at dest, -2, this call is done!, Elevator call,886.5649993,-1,-2,3,0, Done, dt, 33.435000700000046
920.0, elevID,1,  pos,-2,  cmd, goto,6
922.0,Elev,2,  arrived at dest, -1, this call is done!, Elevator call,892.5212151,9,-1,3,1, Done, dt, 29.47878490000005
922.0, elevID,2,  pos,-1,  cmd, goto,4
934.0,Elevator call,933.8580452,7,5,1,0, got allocated to elevator, 0
935.0,Elev,2,  arrived at src, 4, Elevator call,915.9490575,4,-1,2,1
935.0, elevID,2,  pos,4,  cmd, goto,-1
938.0,Elev,1,  arrived at src, 6, Elevator call,910.5388559,6,5,2,0
938.0, elevID,1,  pos,6,  cmd, goto,7
948.0,Elev,2,  arrived at dest, -1, this call is done!, Elevator call,915.9490575,4,-1,3,1, Done, dt, 32.05094250000002
949.0,Elev,1,  arrived at src, 7, Elevator call,933.8580452,7,5,2,0
949.0, elevID,1,  pos,7,  cmd, goto,5
961.0,Elev,1,  arrived at dest, 5, this call is done!, Elevator call,910.5388559,6,5,3,0, Done, dt, 50.461144099999956
961.0,Elev,1,  arrived at dest, 5, this call is done!, Elevator call,933.8580452,7,5,3,0, Done, dt, 27.141954800000008
962.0,Elevator call,961.6862856,6,-1,1,1, got allocated to elevator, 1
962.0, elevID,2,  pos,-1,  cmd, goto,6
973.0,Elevator call,972.8032126,1,0,1,0, got allocated to elevator, 0
973.0, elevID,1,  pos,5,  cmd, goto,1
976.0,Elevator call,975.8361203,0,-1,1,1, got allocated to elevator, 1
976.0,Elev,2,  arrived at src, 6, Elevator call,961.6862856,6,-1,2,1
976.0, elevID,2,  pos,6,  cmd, goto,0
979.0,Elevator call,978.5925149,10,0,1,1, got allocated to elevator, 1
979.0,Elevator call,978.6210501,10,-1,1,0, got allocated to elevator, 0
985.0,Elevator call,984.1840186,7,0,1,1, got allocated to elevator, 1
987.0,Elev,1,  arrived at src, 1, Elevator call,972.8032126,1,0,2,0
987.0, elevID,1,  pos,1,  cmd, goto,0
989.0,Elev,2,  arrived at src, 0, Elevator call,975.8361203,0,-1,2,1
989.0, elevID,2,  pos,0,  cmd, goto,-1
998.0,Elev,1,  arrived at dest, 0, this call is done!, Elevator call,972.8032126,1,0,3,0, Done, dt, 25.19678739999995
998.0, elevID,1,  pos,0,  cmd, goto,10
1000.0,Elev,2,  arrived at dest, -1, this call is done!, Elevator call,961.6862856,6,-1,3,1, Done, dt, 38.31371439999998
1000.0,Elev,2,  arrived at dest, -1, this call is done!, Elevator call,975.8361203,0,-1,3,1, Done, dt, 24.163879700000052
1000.0, elevID,2,  pos,-1,  cmd, goto,7
1014.0,Elev,2,  arrived at src, 7, Elevator call,984.1840186,7,0,2,1
1014.0, elevID,2,  pos,7,  cmd, goto,10
1018.0,Elev,1,  arrived at src, 10, Elevator call,978.6210501,10,-1,2,0
1018.0, elevID,1,  pos,10,  cmd, goto,-1
1026.0,Elev,2,  arrived at src, 10, Elevator call,978.5925149,10,0,2,1
1026.0, elevID,2,  pos,10,  cmd, goto,0
1039.0,Elev,1,  arrived at dest, -1, this call is done!, Elevator call,978.6210501,10,-1,3,0, Done, dt, 60.37894989999995
1041.0,Elev,2,  arrived at dest, 0, this call is done!, Elevator call,978.5925149,10,0,3,1, Done, dt, 62.40748510000003
1041.0,Elev,2,  arrived at dest, 0, this call is done!, Elevator call,984.1840186,7,0,3,1, Done, dt, 56.815981400000055
1042.0,************* Simulation Ended ************
Code Owners,209328970,324496736,  Building_file,B2.json,  Calls,out_B2_Calls_a.csv
Total waiting time: 4175.0,  average waiting time per call: 41.75,  unCompleted calls,0,  certificate, -254262611
